<?xml version="1.0" encoding="UTF-8"?>
<testng-results skipped="0" failed="0" total="1" passed="1">
  <reporter-output>
  </reporter-output>
  <suite name="Default suite" duration-ms="73815" started-at="2018-03-03T09:17:41Z" finished-at="2018-03-03T09:18:55Z">
    <groups>
    </groups>
    <test name="Default test" duration-ms="73815" started-at="2018-03-03T09:17:41Z" finished-at="2018-03-03T09:18:55Z">
      <class name="tests.SmokeTest">
        <test-method status="PASS" signature="setup()[pri:0, instance:tests.SmokeTest@73035e27]" name="setup" is-config="true" duration-ms="69080" started-at="2018-03-03T14:47:41Z" finished-at="2018-03-03T14:48:50Z">
          <reporter-output>
          </reporter-output>
        </test-method> <!-- setup -->
        <test-method status="PASS" signature="searchTest()[pri:0, instance:tests.SmokeTest@73035e27]" name="searchTest" duration-ms="3768" started-at="2018-03-03T14:48:50Z" finished-at="2018-03-03T14:48:54Z">
          <reporter-output>
          </reporter-output>
        </test-method> <!-- searchTest -->
        <test-method status="PASS" signature="quit()[pri:0, instance:tests.SmokeTest@73035e27]" name="quit" is-config="true" duration-ms="951" started-at="2018-03-03T14:48:54Z" finished-at="2018-03-03T14:48:55Z">
          <reporter-output>
          </reporter-output>
        </test-method> <!-- quit -->
      </class> <!-- tests.SmokeTest -->
    </test> <!-- Default test -->
  </suite> <!-- Default suite -->
</testng-results>
